2025-01-09 15:30:40,071 [Worker-1: Loading available Gradle versions] INFO  o.e.b.c.i.u.g.PublishedGradleVersions - Gradle version information cache is up-to-date. Trying to read.
2025-01-09 15:33:03,898 [Worker-5: Import Getting Started Content] INFO  o.e.m.c.i.l.LifecycleMappingFactory - Using org.eclipse.m2e.jdt.JarLifecycleMapping lifecycle mapping for MavenProject: com.coderhouse:FacturacionSegundaEntrega-Casatti:0.0.1-SNAPSHOT @ C:\Users\syste\OneDrive\Desktop\FacturacionSegundaEntrega-Casatti\FacturacionSegundaEntrega-Casatti\pom.xml.
2025-01-09 15:33:06,350 [Worker-5: Import Getting Started Content] INFO  o.e.m.j.i.AbstractJavaProjectConfigurator - Adding source folder /FacturacionSegundaEntrega-Casatti/src/main/java
2025-01-09 15:33:06,354 [Worker-5: Import Getting Started Content] INFO  o.e.m.j.i.AbstractJavaProjectConfigurator - Adding resource folder /FacturacionSegundaEntrega-Casatti/src/main/resources
2025-01-09 15:33:06,363 [Worker-5: Import Getting Started Content] INFO  o.e.m.j.i.AbstractJavaProjectConfigurator - Adding resource folder /FacturacionSegundaEntrega-Casatti/src/main/resources
2025-01-09 15:33:06,372 [Worker-5: Import Getting Started Content] INFO  o.e.m.j.i.AbstractJavaProjectConfigurator - Adding source folder /FacturacionSegundaEntrega-Casatti/src/test/java
2025-01-09 15:33:06,374 [Worker-5: Import Getting Started Content] INFO  o.e.m.j.i.AbstractJavaProjectConfigurator - Adding resource folder /FacturacionSegundaEntrega-Casatti/src/test/resources
2025-01-09 15:33:07,792 [Worker-5: Import Getting Started Content] INFO  o.e.m.c.i.p.ProjectConfigurationManager - Imported and configured 1 project(s) in 6 sec
2025-01-09 15:33:07,801 [Worker-5: Import Getting Started Content] INFO  o.e.m.c.i.p.ProjectConfigurationManager - Update started
2025-01-09 15:33:08,787 [Worker-5: Import Getting Started Content] INFO  o.e.m.c.i.l.LifecycleMappingFactory - Using org.eclipse.m2e.jdt.JarLifecycleMapping lifecycle mapping for MavenProject: com.coderhouse:FacturacionSegundaEntrega-Casatti:0.0.1-SNAPSHOT @ C:\Users\syste\OneDrive\Desktop\FacturacionSegundaEntrega-Casatti\FacturacionSegundaEntrega-Casatti\pom.xml.
2025-01-09 15:33:10,236 [Worker-5: Import Getting Started Content] INFO  o.e.m.j.i.AbstractJavaProjectConfigurator - Adding source folder /FacturacionSegundaEntrega-Casatti/src/main/java
2025-01-09 15:33:10,237 [Worker-5: Import Getting Started Content] INFO  o.e.m.j.i.AbstractJavaProjectConfigurator - Adding resource folder /FacturacionSegundaEntrega-Casatti/src/main/resources
2025-01-09 15:33:10,239 [Worker-5: Import Getting Started Content] INFO  o.e.m.j.i.AbstractJavaProjectConfigurator - Adding resource folder /FacturacionSegundaEntrega-Casatti/src/main/resources
2025-01-09 15:33:10,240 [Worker-5: Import Getting Started Content] INFO  o.e.m.j.i.AbstractJavaProjectConfigurator - Adding source folder /FacturacionSegundaEntrega-Casatti/src/test/java
2025-01-09 15:33:10,242 [Worker-5: Import Getting Started Content] INFO  o.e.m.j.i.AbstractJavaProjectConfigurator - Adding resource folder /FacturacionSegundaEntrega-Casatti/src/test/resources
2025-01-09 15:33:11,165 [Worker-5: Import Getting Started Content] INFO  o.e.m.c.i.p.ProjectConfigurationManager - Update completed for 1 poms: local refresh takes 0.00 sec, refresh facades takes 2.00 sec, update config takes 0.00 sec 
2025-01-09 15:33:13,307 [Worker-33: Building] INFO  o.a.m.s.f.DefaultMavenResourcesFiltering - Copying 1 resource from src\main\resources to target\classes
2025-01-09 15:33:13,350 [Worker-33: Building] INFO  o.a.m.s.f.DefaultMavenResourcesFiltering - Copying 0 resource from src\main\resources to target\classes
2025-01-09 15:33:13,361 [Worker-33: Building] INFO  o.a.m.s.f.DefaultMavenResourcesFiltering - skip non existing resourceDirectory C:\Users\syste\OneDrive\Desktop\FacturacionSegundaEntrega-Casatti\FacturacionSegundaEntrega-Casatti\src\test\resources
2025-01-09 15:33:44,513 [Worker-19: Building] INFO  o.e.m.c.i.l.LifecycleMappingFactory - Using org.eclipse.m2e.jdt.JarLifecycleMapping lifecycle mapping for MavenProject: com.coderhouse:FacturacionSegundaEntrega-Casatti:0.0.1-SNAPSHOT @ C:\Users\syste\OneDrive\Desktop\FacturacionSegundaEntrega-Casatti\FacturacionSegundaEntrega-Casatti\pom.xml.
2025-01-09 15:33:45,132 [Worker-19: Building] WARN  o.e.m.c.i.embedder.EclipseLogger - The artifact org.hibernate:hibernate-core:jar:6.4.4.Final has been relocated to org.hibernate.orm:hibernate-core:jar:6.4.4.Final
2025-01-09 15:33:45,694 [Worker-19: Building] INFO  o.a.m.s.f.DefaultMavenResourcesFiltering - Copying 0 resource from src\main\resources to target\classes
2025-01-09 15:33:45,695 [Worker-19: Building] INFO  o.a.m.s.f.DefaultMavenResourcesFiltering - Copying 0 resource from src\main\resources to target\classes
2025-01-09 15:33:45,701 [Worker-19: Building] INFO  o.a.m.s.f.DefaultMavenResourcesFiltering - skip non existing resourceDirectory C:\Users\syste\OneDrive\Desktop\FacturacionSegundaEntrega-Casatti\FacturacionSegundaEntrega-Casatti\src\test\resources
2025-01-09 15:33:47,064 [Worker-19: Building] INFO  o.a.m.s.f.DefaultMavenResourcesFiltering - Copying 1 resource from src\main\resources to target\classes
2025-01-09 15:33:47,081 [Worker-19: Building] INFO  o.a.m.s.f.DefaultMavenResourcesFiltering - Copying 0 resource from src\main\resources to target\classes
2025-01-09 15:33:47,084 [Worker-19: Building] INFO  o.a.m.s.f.DefaultMavenResourcesFiltering - skip non existing resourceDirectory C:\Users\syste\OneDrive\Desktop\FacturacionSegundaEntrega-Casatti\FacturacionSegundaEntrega-Casatti\src\test\resources
2025-01-09 15:33:57,678 [Worker-19: Building] INFO  o.a.m.s.f.DefaultMavenResourcesFiltering - Copying 1 resource from src\main\resources to target\classes
2025-01-09 15:33:57,694 [Worker-19: Building] INFO  o.a.m.s.f.DefaultMavenResourcesFiltering - Copying 0 resource from src\main\resources to target\classes
2025-01-09 15:33:57,698 [Worker-19: Building] INFO  o.a.m.s.f.DefaultMavenResourcesFiltering - skip non existing resourceDirectory C:\Users\syste\OneDrive\Desktop\FacturacionSegundaEntrega-Casatti\FacturacionSegundaEntrega-Casatti\src\test\resources
